build/app/intermediates/manifest_merge_blame_file/debug/manifest-merger-blame-debug-report.txt
1<?xml version="1.0" encoding="utf-8"?>
2<manifest xmlns:android="http://schemas.android.com/apk/res/android"
3    package="com.example.chatapp"
4    android:versionCode="1"
5    android:versionName="1.0.0" >
6
7    <uses-sdk
8        android:minSdkVersion="19"
9        android:targetSdkVersion="30" />
10    <!--
11         Flutter needs it to communicate with the running application
12         to allow setting breakpoints, to provide hot reload, etc.
13    -->
14    <uses-permission android:name="android.permission.INTERNET" />
14-->src/debug/AndroidManifest.xml:6:5-66
14-->src/debug/AndroidManifest.xml:6:22-64
15    <uses-permission android:name="android.permission.QUERY_ALL_PACKAGES" />
15-->src/main/AndroidManifest.xml:3:5-76
15-->src/main/AndroidManifest.xml:3:22-74
16    <uses-permission android:name="android.permission.ACCESS_FINE_LOCATION" />
16-->src/main/AndroidManifest.xml:4:5-79
16-->src/main/AndroidManifest.xml:4:22-76
17    <uses-permission android:name="android.permission.WAKE_LOCK" />
17-->[:firebase_messaging] AndroidManifest.xml:8:5-68
17-->[:firebase_messaging] AndroidManifest.xml:8:22-65
18    <uses-permission android:name="android.permission.ACCESS_NETWORK_STATE" />
18-->[:firebase_messaging] AndroidManifest.xml:9:5-79
18-->[:firebase_messaging] AndroidManifest.xml:9:22-76
19    <uses-permission android:name="android.permission.RECEIVE_BOOT_COMPLETED" />
19-->[:flutter_local_notifications] AndroidManifest.xml:7:5-81
19-->[:flutter_local_notifications] AndroidManifest.xml:7:22-78
20    <uses-permission android:name="android.permission.VIBRATE" />
20-->[:flutter_local_notifications] AndroidManifest.xml:8:5-66
20-->[:flutter_local_notifications] AndroidManifest.xml:8:22-63
21    <uses-permission android:name="android.permission.USE_FULL_SCREEN_INTENT" />
21-->[:flutter_local_notifications] AndroidManifest.xml:9:5-81
21-->[:flutter_local_notifications] AndroidManifest.xml:9:22-78
22    <uses-permission android:name="android.permission.SCHEDULE_EXACT_ALARM" /> <!-- Required by older versions of Google Play services to create IID tokens -->
22-->[:flutter_local_notifications] AndroidManifest.xml:10:5-79
22-->[:flutter_local_notifications] AndroidManifest.xml:10:22-76
23    <uses-permission android:name="com.google.android.c2dm.permission.RECEIVE" />
23-->[com.google.firebase:firebase-messaging:23.0.0] AndroidManifest.xml:25:5-82
23-->[com.google.firebase:firebase-messaging:23.0.0] AndroidManifest.xml:25:22-79
24    <uses-permission android:name="com.google.android.finsky.permission.BIND_GET_INSTALL_REFERRER_SERVICE" /> <!-- Include required permissions for Advertising Id -->
24-->[com.google.android.gms:play-services-measurement:20.0.2] AndroidManifest.xml:26:5-110
24-->[com.google.android.gms:play-services-measurement:20.0.2] AndroidManifest.xml:26:22-107
25    <uses-permission android:name="com.google.android.gms.permission.AD_ID" />
25-->[com.google.android.gms:play-services-ads-identifier:18.0.0] AndroidManifest.xml:23:5-79
25-->[com.google.android.gms:play-services-ads-identifier:18.0.0] AndroidManifest.xml:23:22-76
26
27    <application
27-->src/main/AndroidManifest.xml:5:4-55:19
28        android:name="androidx.multidex.MultiDexApplication"
29        android:appComponentFactory="androidx.core.app.CoreComponentFactory"
29-->[androidx.core:core:1.6.0] AndroidManifest.xml:24:18-86
30        android:debuggable="true"
31        android:icon="@mipmap/ic_launcher"
31-->src/main/AndroidManifest.xml:8:9-43
32        android:label="chatapp"
32-->src/main/AndroidManifest.xml:7:9-32
33        android:requestLegacyExternalStorage="true"
33-->src/main/AndroidManifest.xml:6:9-52
34        android:usesCleartextTraffic="true" >
34-->[:cloud_functions] AndroidManifest.xml:9:9-44
35        <activity
35-->src/main/AndroidManifest.xml:9:9-49:20
36            android:name="com.example.chatapp.MainActivity"
36-->src/main/AndroidManifest.xml:10:13-41
37            android:configChanges="orientation|keyboardHidden|keyboard|screenSize|smallestScreenSize|locale|layoutDirection|fontScale|screenLayout|density|uiMode"
37-->src/main/AndroidManifest.xml:13:13-163
38            android:hardwareAccelerated="true"
38-->src/main/AndroidManifest.xml:14:13-47
39            android:launchMode="singleTop"
39-->src/main/AndroidManifest.xml:11:13-43
40            android:theme="@style/LaunchTheme"
40-->src/main/AndroidManifest.xml:12:13-47
41            android:windowSoftInputMode="adjustResize" >
41-->src/main/AndroidManifest.xml:15:13-55
42
43            <!--
44                 Specifies an Android theme to apply to this Activity as soon as
45                 the Android process has started. This theme is visible to the user
46                 while the Flutter UI initializes. After that, this theme continues
47                 to determine the Window background behind the Flutter UI.
48            -->
49            <meta-data
49-->src/main/AndroidManifest.xml:20:13-23:17
50                android:name="io.flutter.embedding.android.NormalTheme"
50-->src/main/AndroidManifest.xml:21:15-70
51                android:resource="@style/NormalTheme" />
51-->src/main/AndroidManifest.xml:22:15-52
52            <!--
53                 Displays an Android View that continues showing the launch screen
54                 Drawable until Flutter paints its first frame, then this splash
55                 screen fades out. A splash screen is useful to avoid any visual
56                 gap between the end of Android's launch screen and the painting of
57                 Flutter's first frame.
58            -->
59            <meta-data
59-->src/main/AndroidManifest.xml:29:13-31:63
60                android:name="io.flutter.embedding.android.SplashScreenDrawable"
60-->src/main/AndroidManifest.xml:30:15-79
61                android:resource="@drawable/launch_background" />
61-->src/main/AndroidManifest.xml:31:15-61
62            <meta-data
62-->src/main/AndroidManifest.xml:32:13-34:46
63                android:name="com.google.firebase.messaging.default_notification_channel_id"
63-->src/main/AndroidManifest.xml:33:15-91
64                android:value="@string/sayed" />
64-->src/main/AndroidManifest.xml:34:15-44
65            <meta-data
65-->src/main/AndroidManifest.xml:35:13-37:47
66                android:name="com.google.firebase.messaging.default_notification_icon"
66-->src/main/AndroidManifest.xml:36:15-85
67                android:resource="@mipmap/un" />
67-->src/main/AndroidManifest.xml:37:15-44
68            <meta-data
68-->src/main/AndroidManifest.xml:38:13-40:56
69                android:name="com.google.firebase.messaging.default_notification_color"
69-->src/main/AndroidManifest.xml:39:15-86
70                android:resource="@color/colorPrimary" />
70-->src/main/AndroidManifest.xml:40:15-53
71
72            <intent-filter>
72-->src/main/AndroidManifest.xml:41:13-44:29
73                <action android:name="android.intent.action.MAIN" />
73-->src/main/AndroidManifest.xml:42:17-68
73-->src/main/AndroidManifest.xml:42:25-66
74
75                <category android:name="android.intent.category.LAUNCHER" />
75-->src/main/AndroidManifest.xml:43:17-76
75-->src/main/AndroidManifest.xml:43:27-74
76            </intent-filter>
77            <intent-filter>
77-->src/main/AndroidManifest.xml:45:13-48:29
78                <action android:name="FLUTTER_NOTIFICATION_CLICK" />
78-->src/main/AndroidManifest.xml:46:15-67
78-->src/main/AndroidManifest.xml:46:23-64
79
80                <category android:name="android.intent.category.DEFAULT" />
80-->src/main/AndroidManifest.xml:47:15-74
80-->src/main/AndroidManifest.xml:47:25-71
81            </intent-filter>
82        </activity>
83        <!--
84             Don't delete the meta-data below.
85             This is used by the Flutter tool to generate GeneratedPluginRegistrant.java
86        -->
87        <meta-data
87-->src/main/AndroidManifest.xml:52:9-54:33
88            android:name="flutterEmbedding"
88-->src/main/AndroidManifest.xml:53:13-44
89            android:value="2" />
89-->src/main/AndroidManifest.xml:54:13-30
90
91        <service
91-->[:cloud_firestore] AndroidManifest.xml:8:9-12:19
92            android:name="com.google.firebase.components.ComponentDiscoveryService"
92-->[:cloud_firestore] AndroidManifest.xml:8:18-89
93            android:directBootAware="true"
93-->[com.google.firebase:firebase-common:20.0.0] AndroidManifest.xml:35:13-43
94            android:exported="false" >
94-->[com.google.firebase:firebase-auth:21.0.1] AndroidManifest.xml:76:13-37
95            <meta-data
95-->[:cloud_firestore] AndroidManifest.xml:9:13-11:85
96                android:name="com.google.firebase.components:io.flutter.plugins.firebase.firestore.FlutterFirebaseFirestoreRegistrar"
96-->[:cloud_firestore] AndroidManifest.xml:10:17-134
97                android:value="com.google.firebase.components.ComponentRegistrar" />
97-->[:cloud_firestore] AndroidManifest.xml:11:17-82
98            <meta-data
98-->[:cloud_functions] AndroidManifest.xml:12:13-14:85
99                android:name="com.google.firebase.components:io.flutter.plugins.firebase.functions.FlutterFirebaseAppRegistrar"
99-->[:cloud_functions] AndroidManifest.xml:13:17-128
100                android:value="com.google.firebase.components.ComponentRegistrar" />
100-->[:cloud_functions] AndroidManifest.xml:14:17-82
101            <meta-data
101-->[:firebase_auth] AndroidManifest.xml:9:13-11:85
102                android:name="com.google.firebase.components:io.flutter.plugins.firebase.auth.FlutterFirebaseAuthRegistrar"
102-->[:firebase_auth] AndroidManifest.xml:10:17-124
103                android:value="com.google.firebase.components.ComponentRegistrar" />
103-->[:firebase_auth] AndroidManifest.xml:11:17-82
104            <meta-data
104-->[:firebase_storage] AndroidManifest.xml:9:13-11:85
105                android:name="com.google.firebase.components:io.flutter.plugins.firebase.storage.FlutterFirebaseAppRegistrar"
105-->[:firebase_storage] AndroidManifest.xml:10:17-126
106                android:value="com.google.firebase.components.ComponentRegistrar" />
106-->[:firebase_storage] AndroidManifest.xml:11:17-82
107            <meta-data
107-->[:firebase_messaging] AndroidManifest.xml:34:13-36:85
108                android:name="com.google.firebase.components:io.flutter.plugins.firebase.messaging.FlutterFirebaseAppRegistrar"
108-->[:firebase_messaging] AndroidManifest.xml:35:17-128
109                android:value="com.google.firebase.components.ComponentRegistrar" />
109-->[:firebase_messaging] AndroidManifest.xml:36:17-82
110            <meta-data
110-->[:firebase_core] AndroidManifest.xml:9:13-11:85
111                android:name="com.google.firebase.components:io.flutter.plugins.firebase.core.FlutterFirebaseCoreRegistrar"
111-->[:firebase_core] AndroidManifest.xml:10:17-124
112                android:value="com.google.firebase.components.ComponentRegistrar" />
112-->[:firebase_core] AndroidManifest.xml:11:17-82
113            <meta-data
113-->[com.google.firebase:firebase-auth:21.0.1] AndroidManifest.xml:77:13-79:85
114                android:name="com.google.firebase.components:com.google.firebase.auth.FirebaseAuthRegistrar"
114-->[com.google.firebase:firebase-auth:21.0.1] AndroidManifest.xml:78:17-109
115                android:value="com.google.firebase.components.ComponentRegistrar" />
115-->[com.google.firebase:firebase-auth:21.0.1] AndroidManifest.xml:79:17-82
116            <meta-data
116-->[com.google.firebase:firebase-messaging:23.0.0] AndroidManifest.xml:52:13-54:85
117                android:name="com.google.firebase.components:com.google.firebase.messaging.FirebaseMessagingRegistrar"
117-->[com.google.firebase:firebase-messaging:23.0.0] AndroidManifest.xml:53:17-119
118                android:value="com.google.firebase.components.ComponentRegistrar" />
118-->[com.google.firebase:firebase-messaging:23.0.0] AndroidManifest.xml:54:17-82
119            <meta-data
119-->[com.google.firebase:firebase-datatransport:18.0.0] AndroidManifest.xml:28:13-30:85
120                android:name="com.google.firebase.components:com.google.firebase.datatransport.TransportRegistrar"
120-->[com.google.firebase:firebase-datatransport:18.0.0] AndroidManifest.xml:29:17-115
121                android:value="com.google.firebase.components.ComponentRegistrar" />
121-->[com.google.firebase:firebase-datatransport:18.0.0] AndroidManifest.xml:30:17-82
122            <meta-data
122-->[com.google.firebase:firebase-functions:20.0.1] AndroidManifest.xml:18:13-20:85
123                android:name="com.google.firebase.components:com.google.firebase.functions.FunctionsRegistrar"
123-->[com.google.firebase:firebase-functions:20.0.1] AndroidManifest.xml:19:17-111
124                android:value="com.google.firebase.components.ComponentRegistrar" />
124-->[com.google.firebase:firebase-functions:20.0.1] AndroidManifest.xml:20:17-82
125            <meta-data
125-->[com.google.firebase:firebase-iid:21.1.0] AndroidManifest.xml:32:13-34:85
126                android:name="com.google.firebase.components:com.google.firebase.iid.Registrar"
126-->[com.google.firebase:firebase-iid:21.1.0] AndroidManifest.xml:33:17-96
127                android:value="com.google.firebase.components.ComponentRegistrar" />
127-->[com.google.firebase:firebase-iid:21.1.0] AndroidManifest.xml:34:17-82
128            <meta-data
128-->[com.google.firebase:firebase-firestore:24.0.0] AndroidManifest.xml:20:13-22:85
129                android:name="com.google.firebase.components:com.google.firebase.firestore.FirestoreRegistrar"
129-->[com.google.firebase:firebase-firestore:24.0.0] AndroidManifest.xml:21:17-111
130                android:value="com.google.firebase.components.ComponentRegistrar" />
130-->[com.google.firebase:firebase-firestore:24.0.0] AndroidManifest.xml:22:17-82
131            <meta-data
131-->[com.google.firebase:firebase-storage:20.0.0] AndroidManifest.xml:33:13-35:85
132                android:name="com.google.firebase.components:com.google.firebase.storage.StorageRegistrar"
132-->[com.google.firebase:firebase-storage:20.0.0] AndroidManifest.xml:34:17-107
133                android:value="com.google.firebase.components.ComponentRegistrar" />
133-->[com.google.firebase:firebase-storage:20.0.0] AndroidManifest.xml:35:17-82
134            <meta-data
134-->[com.google.android.gms:play-services-measurement-api:20.0.2] AndroidManifest.xml:30:13-32:85
135                android:name="com.google.firebase.components:com.google.firebase.analytics.connector.internal.AnalyticsConnectorRegistrar"
135-->[com.google.android.gms:play-services-measurement-api:20.0.2] AndroidManifest.xml:31:17-139
136                android:value="com.google.firebase.components.ComponentRegistrar" />
136-->[com.google.android.gms:play-services-measurement-api:20.0.2] AndroidManifest.xml:32:17-82
137            <meta-data
137-->[com.google.firebase:firebase-installations:17.0.0] AndroidManifest.xml:18:13-20:85
138                android:name="com.google.firebase.components:com.google.firebase.installations.FirebaseInstallationsRegistrar"
138-->[com.google.firebase:firebase-installations:17.0.0] AndroidManifest.xml:19:17-127
139                android:value="com.google.firebase.components.ComponentRegistrar" />
139-->[com.google.firebase:firebase-installations:17.0.0] AndroidManifest.xml:20:17-82
140        </service>
141        <service
141-->[:firebase_messaging] AndroidManifest.xml:12:9-15:72
142            android:name="io.flutter.plugins.firebase.messaging.FlutterFirebaseMessagingBackgroundService"
142-->[:firebase_messaging] AndroidManifest.xml:13:13-107
143            android:exported="false"
143-->[:firebase_messaging] AndroidManifest.xml:14:13-37
144            android:permission="android.permission.BIND_JOB_SERVICE" />
144-->[:firebase_messaging] AndroidManifest.xml:15:13-69
145        <service
145-->[:firebase_messaging] AndroidManifest.xml:16:9-22:19
146            android:name="io.flutter.plugins.firebase.messaging.FlutterFirebaseMessagingService"
146-->[:firebase_messaging] AndroidManifest.xml:17:13-97
147            android:exported="false" >
147-->[:firebase_messaging] AndroidManifest.xml:18:13-37
148            <intent-filter>
148-->[:firebase_messaging] AndroidManifest.xml:19:13-21:29
149                <action android:name="com.google.firebase.MESSAGING_EVENT" />
149-->[:firebase_messaging] AndroidManifest.xml:20:17-78
149-->[:firebase_messaging] AndroidManifest.xml:20:25-75
150            </intent-filter>
151        </service>
152
153        <receiver
153-->[:firebase_messaging] AndroidManifest.xml:24:9-31:20
154            android:name="io.flutter.plugins.firebase.messaging.FlutterFirebaseMessagingReceiver"
154-->[:firebase_messaging] AndroidManifest.xml:25:13-98
155            android:exported="true"
155-->[:firebase_messaging] AndroidManifest.xml:26:13-36
156            android:permission="com.google.android.c2dm.permission.SEND" >
156-->[:firebase_messaging] AndroidManifest.xml:27:13-73
157            <intent-filter>
157-->[:firebase_messaging] AndroidManifest.xml:28:13-30:29
158                <action android:name="com.google.android.c2dm.intent.RECEIVE" />
158-->[:firebase_messaging] AndroidManifest.xml:29:17-81
158-->[:firebase_messaging] AndroidManifest.xml:29:25-78
159            </intent-filter>
160        </receiver>
161
162        <provider
162-->[:firebase_messaging] AndroidManifest.xml:39:9-43:38
163            android:name="io.flutter.plugins.firebase.messaging.FlutterFirebaseMessagingInitProvider"
163-->[:firebase_messaging] AndroidManifest.xml:40:13-102
164            android:authorities="com.example.chatapp.flutterfirebasemessaginginitprovider"
164-->[:firebase_messaging] AndroidManifest.xml:41:13-88
165            android:exported="false"
165-->[:firebase_messaging] AndroidManifest.xml:42:13-37
166            android:initOrder="99" />
166-->[:firebase_messaging] AndroidManifest.xml:43:13-35
167        <provider
167-->[:image_picker] AndroidManifest.xml:8:9-16:20
168            android:name="io.flutter.plugins.imagepicker.ImagePickerFileProvider"
168-->[:image_picker] AndroidManifest.xml:9:13-82
169            android:authorities="com.example.chatapp.flutter.image_provider"
169-->[:image_picker] AndroidManifest.xml:10:13-74
170            android:exported="false"
170-->[:image_picker] AndroidManifest.xml:11:13-37
171            android:grantUriPermissions="true" >
171-->[:image_picker] AndroidManifest.xml:12:13-47
172            <meta-data
172-->[:image_picker] AndroidManifest.xml:13:13-15:75
173                android:name="android.support.FILE_PROVIDER_PATHS"
173-->[:image_picker] AndroidManifest.xml:14:17-67
174                android:resource="@xml/flutter_image_picker_file_paths" />
174-->[:image_picker] AndroidManifest.xml:15:17-72
175        </provider>
176
177        <receiver
177-->[:flutter_local_notifications] AndroidManifest.xml:13:9-15:40
178            android:name="com.dexterous.flutterlocalnotifications.ScheduledNotificationReceiver"
178-->[:flutter_local_notifications] AndroidManifest.xml:14:13-97
179            android:exported="false" />
179-->[:flutter_local_notifications] AndroidManifest.xml:15:13-37
180        <receiver
180-->[:flutter_local_notifications] AndroidManifest.xml:16:9-25:20
181            android:name="com.dexterous.flutterlocalnotifications.ScheduledNotificationBootReceiver"
181-->[:flutter_local_notifications] AndroidManifest.xml:17:13-101
182            android:exported="false" >
182-->[:flutter_local_notifications] AndroidManifest.xml:18:13-37
183            <intent-filter>
183-->[:flutter_local_notifications] AndroidManifest.xml:19:13-24:29
184                <action android:name="android.intent.action.BOOT_COMPLETED" />
184-->[:flutter_local_notifications] AndroidManifest.xml:20:17-79
184-->[:flutter_local_notifications] AndroidManifest.xml:20:25-76
185                <action android:name="android.intent.action.MY_PACKAGE_REPLACED" />
185-->[:flutter_local_notifications] AndroidManifest.xml:21:17-84
185-->[:flutter_local_notifications] AndroidManifest.xml:21:25-81
186                <action android:name="android.intent.action.QUICKBOOT_POWERON" />
186-->[:flutter_local_notifications] AndroidManifest.xml:22:17-82
186-->[:flutter_local_notifications] AndroidManifest.xml:22:25-79
187                <action android:name="com.htc.intent.action.QUICKBOOT_POWERON" />
187-->[:flutter_local_notifications] AndroidManifest.xml:23:17-82
187-->[:flutter_local_notifications] AndroidManifest.xml:23:25-79
188            </intent-filter>
189        </receiver>
190
191        <activity
191-->[com.google.firebase:firebase-auth:21.0.1] AndroidManifest.xml:27:9-44:20
192            android:name="com.google.firebase.auth.internal.GenericIdpActivity"
192-->[com.google.firebase:firebase-auth:21.0.1] AndroidManifest.xml:28:13-80
193            android:excludeFromRecents="true"
193-->[com.google.firebase:firebase-auth:21.0.1] AndroidManifest.xml:29:13-46
194            android:exported="true"
194-->[com.google.firebase:firebase-auth:21.0.1] AndroidManifest.xml:30:13-36
195            android:launchMode="singleTask"
195-->[com.google.firebase:firebase-auth:21.0.1] AndroidManifest.xml:31:13-44
196            android:theme="@android:style/Theme.Translucent.NoTitleBar" >
196-->[com.google.firebase:firebase-auth:21.0.1] AndroidManifest.xml:32:13-72
197            <intent-filter>
197-->[com.google.firebase:firebase-auth:21.0.1] AndroidManifest.xml:33:13-43:29
198                <action android:name="android.intent.action.VIEW" />
198-->[com.google.firebase:firebase-auth:21.0.1] AndroidManifest.xml:34:17-69
198-->[com.google.firebase:firebase-auth:21.0.1] AndroidManifest.xml:34:25-66
199
200                <category android:name="android.intent.category.DEFAULT" />
200-->src/main/AndroidManifest.xml:47:15-74
200-->src/main/AndroidManifest.xml:47:25-71
201                <category android:name="android.intent.category.BROWSABLE" />
201-->[com.google.firebase:firebase-auth:21.0.1] AndroidManifest.xml:37:17-78
201-->[com.google.firebase:firebase-auth:21.0.1] AndroidManifest.xml:37:27-75
202
203                <data
203-->[com.google.firebase:firebase-auth:21.0.1] AndroidManifest.xml:39:17-42:51
204                    android:host="firebase.auth"
204-->[com.google.firebase:firebase-auth:21.0.1] AndroidManifest.xml:40:21-49
205                    android:path="/"
205-->[com.google.firebase:firebase-auth:21.0.1] AndroidManifest.xml:41:21-37
206                    android:scheme="genericidp" />
206-->[com.google.firebase:firebase-auth:21.0.1] AndroidManifest.xml:42:21-48
207            </intent-filter>
208        </activity>
209        <activity
209-->[com.google.firebase:firebase-auth:21.0.1] AndroidManifest.xml:45:9-62:20
210            android:name="com.google.firebase.auth.internal.RecaptchaActivity"
210-->[com.google.firebase:firebase-auth:21.0.1] AndroidManifest.xml:46:13-79
211            android:excludeFromRecents="true"
211-->[com.google.firebase:firebase-auth:21.0.1] AndroidManifest.xml:47:13-46
212            android:exported="true"
212-->[com.google.firebase:firebase-auth:21.0.1] AndroidManifest.xml:48:13-36
213            android:launchMode="singleTask"
213-->[com.google.firebase:firebase-auth:21.0.1] AndroidManifest.xml:49:13-44
214            android:theme="@android:style/Theme.Translucent.NoTitleBar" >
214-->[com.google.firebase:firebase-auth:21.0.1] AndroidManifest.xml:50:13-72
215            <intent-filter>
215-->[com.google.firebase:firebase-auth:21.0.1] AndroidManifest.xml:51:13-61:29
216                <action android:name="android.intent.action.VIEW" />
216-->[com.google.firebase:firebase-auth:21.0.1] AndroidManifest.xml:34:17-69
216-->[com.google.firebase:firebase-auth:21.0.1] AndroidManifest.xml:34:25-66
217
218                <category android:name="android.intent.category.DEFAULT" />
218-->src/main/AndroidManifest.xml:47:15-74
218-->src/main/AndroidManifest.xml:47:25-71
219                <category android:name="android.intent.category.BROWSABLE" />
219-->[com.google.firebase:firebase-auth:21.0.1] AndroidManifest.xml:37:17-78
219-->[com.google.firebase:firebase-auth:21.0.1] AndroidManifest.xml:37:27-75
220
221                <data
221-->[com.google.firebase:firebase-auth:21.0.1] AndroidManifest.xml:39:17-42:51
222                    android:host="firebase.auth"
222-->[com.google.firebase:firebase-auth:21.0.1] AndroidManifest.xml:40:21-49
223                    android:path="/"
223-->[com.google.firebase:firebase-auth:21.0.1] AndroidManifest.xml:41:21-37
224                    android:scheme="recaptcha" />
224-->[com.google.firebase:firebase-auth:21.0.1] AndroidManifest.xml:42:21-48
225            </intent-filter>
226        </activity>
227
228        <service
228-->[com.google.firebase:firebase-auth:21.0.1] AndroidManifest.xml:64:9-73:19
229            android:name="com.google.firebase.auth.api.fallback.service.FirebaseAuthFallbackService"
229-->[com.google.firebase:firebase-auth:21.0.1] AndroidManifest.xml:65:13-101
230            android:enabled="true"
230-->[com.google.firebase:firebase-auth:21.0.1] AndroidManifest.xml:66:13-35
231            android:exported="false" >
231-->[com.google.firebase:firebase-auth:21.0.1] AndroidManifest.xml:67:13-37
232            <intent-filter>
232-->[com.google.firebase:firebase-auth:21.0.1] AndroidManifest.xml:68:13-72:29
233                <action android:name="com.google.firebase.auth.api.gms.service.START" />
233-->[com.google.firebase:firebase-auth:21.0.1] AndroidManifest.xml:69:17-89
233-->[com.google.firebase:firebase-auth:21.0.1] AndroidManifest.xml:69:25-86
234
235                <category android:name="android.intent.category.DEFAULT" />
235-->src/main/AndroidManifest.xml:47:15-74
235-->src/main/AndroidManifest.xml:47:25-71
236            </intent-filter>
237        </service>
238
239        <receiver
239-->[com.google.firebase:firebase-messaging:23.0.0] AndroidManifest.xml:28:9-35:20
240            android:name="com.google.firebase.iid.FirebaseInstanceIdReceiver"
240-->[com.google.firebase:firebase-messaging:23.0.0] AndroidManifest.xml:29:13-78
241            android:exported="true"
241-->[com.google.firebase:firebase-messaging:23.0.0] AndroidManifest.xml:30:13-36
242            android:permission="com.google.android.c2dm.permission.SEND" >
242-->[com.google.firebase:firebase-messaging:23.0.0] AndroidManifest.xml:31:13-73
243            <intent-filter>
243-->[:firebase_messaging] AndroidManifest.xml:28:13-30:29
244                <action android:name="com.google.android.c2dm.intent.RECEIVE" />
244-->[:firebase_messaging] AndroidManifest.xml:29:17-81
244-->[:firebase_messaging] AndroidManifest.xml:29:25-78
245            </intent-filter>
246        </receiver>
247        <!--
248             FirebaseMessagingService performs security checks at runtime,
249             but set to not exported to explicitly avoid allowing another app to call it.
250        -->
251        <service
251-->[com.google.firebase:firebase-messaging:23.0.0] AndroidManifest.xml:41:9-48:19
252            android:name="com.google.firebase.messaging.FirebaseMessagingService"
252-->[com.google.firebase:firebase-messaging:23.0.0] AndroidManifest.xml:42:13-82
253            android:directBootAware="true"
253-->[com.google.firebase:firebase-messaging:23.0.0] AndroidManifest.xml:43:13-43
254            android:exported="false" >
254-->[com.google.firebase:firebase-messaging:23.0.0] AndroidManifest.xml:44:13-37
255            <intent-filter android:priority="-500" >
255-->[:firebase_messaging] AndroidManifest.xml:19:13-21:29
256                <action android:name="com.google.firebase.MESSAGING_EVENT" />
256-->[:firebase_messaging] AndroidManifest.xml:20:17-78
256-->[:firebase_messaging] AndroidManifest.xml:20:25-75
257            </intent-filter>
258        </service>
259        <service
259-->[com.google.android.datatransport:transport-backend-cct:3.0.0] AndroidManifest.xml:29:9-35:19
260            android:name="com.google.android.datatransport.runtime.backends.TransportBackendDiscovery"
260-->[com.google.android.datatransport:transport-backend-cct:3.0.0] AndroidManifest.xml:30:13-103
261            android:exported="false" >
261-->[com.google.android.datatransport:transport-backend-cct:3.0.0] AndroidManifest.xml:31:13-37
262            <meta-data
262-->[com.google.android.datatransport:transport-backend-cct:3.0.0] AndroidManifest.xml:32:13-34:39
263                android:name="backend:com.google.android.datatransport.cct.CctBackendFactory"
263-->[com.google.android.datatransport:transport-backend-cct:3.0.0] AndroidManifest.xml:33:17-94
264                android:value="cct" />
264-->[com.google.android.datatransport:transport-backend-cct:3.0.0] AndroidManifest.xml:34:17-36
265        </service>
266
267        <provider
267-->[com.google.firebase:firebase-common:20.0.0] AndroidManifest.xml:26:9-31:39
268            android:name="com.google.firebase.provider.FirebaseInitProvider"
268-->[com.google.firebase:firebase-common:20.0.0] AndroidManifest.xml:27:13-77
269            android:authorities="com.example.chatapp.firebaseinitprovider"
269-->[com.google.firebase:firebase-common:20.0.0] AndroidManifest.xml:28:13-72
270            android:directBootAware="true"
270-->[com.google.firebase:firebase-common:20.0.0] AndroidManifest.xml:29:13-43
271            android:exported="false"
271-->[com.google.firebase:firebase-common:20.0.0] AndroidManifest.xml:30:13-37
272            android:initOrder="100" />
272-->[com.google.firebase:firebase-common:20.0.0] AndroidManifest.xml:31:13-36
273
274        <receiver
274-->[com.google.android.gms:play-services-measurement:20.0.2] AndroidManifest.xml:29:9-33:20
275            android:name="com.google.android.gms.measurement.AppMeasurementReceiver"
275-->[com.google.android.gms:play-services-measurement:20.0.2] AndroidManifest.xml:30:13-85
276            android:enabled="true"